SF:lib\blocs\search_cubit.dart
DA:14,1
DA:17,1
DA:19,1
DA:20,4
DA:21,3
DA:22,0
DA:28,1
DA:29,1
DA:31,1
DA:32,4
DA:34,1
DA:35,3
DA:39,1
DA:40,2
DA:41,0
DA:42,2
DA:45,3
DA:46,0
DA:47,1
DA:48,4
DA:49,3
LF:21
LH:18
end_of_record
SF:lib\blocs\search_state.dart
DA:8,6
DA:10,1
DA:11,4
DA:15,5
DA:19,3
DA:25,2
DA:29,2
DA:31,1
DA:32,4
DA:36,3
LF:10
LH:10
end_of_record
SF:lib\search_page.dart
DA:12,1
DA:14,1
DA:16,1
DA:17,1
DA:20,1
DA:22,1
DA:24,1
DA:25,1
DA:27,0
DA:28,0
DA:38,1
DA:39,2
DA:40,1
DA:41,1
DA:44,1
DA:45,0
DA:46,0
DA:49,2
DA:50,1
DA:53,1
DA:54,0
DA:55,0
DA:58,2
DA:63,1
DA:65,1
DA:67,1
DA:68,1
DA:69,1
DA:73,1
DA:74,1
DA:75,1
DA:76,1
DA:78,1
DA:79,1
DA:80,1
DA:81,1
DA:82,0
DA:84,1
DA:88,0
DA:89,0
LF:40
LH:31
end_of_record
