SF:./packages/movie/lib\data\datasources\db\database_helper.dart
DA:9,2
DA:13,4
DA:17,2
DA:18,4
DA:24,2
DA:25,4
DA:26,2
DA:28,6
DA:32,2
DA:33,4
DA:40,2
DA:43,2
DA:44,4
DA:45,6
DA:48,2
DA:49,4
DA:50,4
DA:53,4
DA:57,2
DA:58,4
DA:59,4
DA:62,2
DA:65,2
DA:66,2
DA:72,2
DA:73,4
DA:74,4
LF:27
LH:27
end_of_record
SF:./packages/movie/lib\data\models\movie_table.dart
DA:12,21
DA:19,2
DA:20,1
DA:21,1
DA:22,1
DA:23,1
DA:26,2
DA:27,1
DA:28,1
DA:29,1
DA:30,1
DA:33,4
DA:34,2
DA:35,2
DA:36,2
DA:37,2
DA:40,2
DA:41,1
DA:42,1
DA:43,1
DA:44,1
DA:47,2
DA:48,10
LF:23
LH:23
end_of_record
SF:./packages/movie/lib\domain\entities\genre.dart
DA:4,20
DA:12,2
DA:13,6
LF:3
LH:3
end_of_record
SF:./packages/movie/lib\domain\entities\movie.dart
DA:4,13
DA:20,1
DA:41,7
DA:42,7
DA:43,7
DA:44,7
DA:45,7
DA:46,7
DA:47,7
DA:48,7
DA:49,7
DA:50,7
DA:51,7
DA:52,7
DA:53,7
DA:54,7
DA:55,7
LF:17
LH:17
end_of_record
SF:./packages/movie/lib\domain\entities\movie_detail.dart
DA:6,20
DA:34,2
DA:35,2
DA:36,2
DA:37,2
DA:38,2
DA:39,2
DA:40,2
DA:41,2
DA:42,2
DA:43,2
DA:44,2
DA:45,2
DA:46,2
LF:14
LH:14
end_of_record
SF:./packages/movie/lib\data\datasources\movie_local_data_source.dart
DA:16,1
DA:19,1
DA:21,3
DA:24,2
DA:29,1
DA:31,3
DA:34,2
DA:39,1
DA:40,3
DA:42,1
DA:49,1
DA:50,3
DA:51,4
LF:13
LH:13
end_of_record
SF:./packages/movie/lib\data\datasources\movie_remote_data_source.dart
DA:25,1
DA:28,1
DA:30,5
DA:32,2
DA:33,4
DA:35,1
DA:40,1
DA:41,5
DA:43,2
DA:44,3
DA:46,1
DA:51,1
DA:52,2
DA:53,3
DA:55,2
DA:56,4
DA:58,1
DA:63,1
DA:65,5
DA:67,2
DA:68,4
DA:70,1
DA:75,1
DA:77,5
DA:79,2
DA:80,4
DA:82,1
DA:87,1
DA:88,2
DA:89,3
DA:91,2
DA:92,4
DA:94,1
LF:33
LH:33
end_of_record
SF:./packages/movie/lib\data\models\movie_detail_model.dart
DA:7,3
DA:53,1
DA:54,1
DA:55,1
DA:56,1
DA:57,1
DA:58,1
DA:59,4
DA:60,1
DA:61,1
DA:62,1
DA:63,1
DA:64,1
DA:65,1
DA:66,2
DA:67,1
DA:68,1
DA:69,1
DA:70,1
DA:71,1
DA:72,1
DA:73,1
DA:74,1
DA:75,2
DA:76,1
DA:79,2
DA:80,1
DA:81,1
DA:82,1
DA:83,5
DA:84,1
DA:85,1
DA:86,1
DA:87,1
DA:88,1
DA:89,1
DA:90,1
DA:91,1
DA:92,1
DA:93,1
DA:94,1
DA:95,1
DA:96,1
DA:97,1
DA:98,1
DA:99,1
DA:100,1
DA:103,1
DA:104,1
DA:105,1
DA:106,1
DA:107,5
DA:108,1
DA:109,1
DA:110,1
DA:111,1
DA:112,1
DA:113,1
DA:114,1
DA:115,1
DA:116,1
DA:120,1
DA:121,1
DA:122,1
DA:123,1
DA:124,1
DA:125,1
DA:126,1
DA:127,1
DA:128,1
DA:129,1
DA:130,1
DA:131,1
DA:132,1
DA:133,1
DA:134,1
DA:135,1
DA:136,1
DA:137,1
DA:138,1
DA:139,1
DA:140,1
DA:141,1
DA:142,1
LF:84
LH:84
end_of_record
SF:./packages/movie/lib\data\models\movie_model.dart
DA:6,5
DA:36,4
DA:37,2
DA:38,2
DA:39,8
DA:40,2
DA:41,2
DA:42,2
DA:43,4
DA:44,2
DA:45,2
DA:46,2
DA:47,2
DA:48,4
DA:49,2
DA:52,2
DA:53,1
DA:54,1
DA:55,4
DA:56,1
DA:57,1
DA:58,1
DA:59,1
DA:60,1
DA:61,1
DA:62,1
DA:63,1
DA:64,1
DA:65,1
DA:68,2
DA:69,2
DA:70,2
DA:71,2
DA:72,2
DA:73,2
DA:74,2
DA:75,2
DA:76,2
DA:77,2
DA:78,2
DA:79,2
DA:80,2
DA:81,2
DA:82,2
DA:86,2
DA:87,2
DA:88,2
DA:89,2
DA:90,2
DA:91,2
DA:92,2
DA:93,2
DA:94,2
DA:95,2
DA:96,2
DA:97,2
DA:98,2
DA:99,2
DA:100,2
LF:59
LH:59
end_of_record
SF:./packages/movie/lib\data\models\movie_response.dart
DA:8,3
DA:10,4
DA:11,4
DA:12,6
DA:13,6
DA:16,2
DA:17,5
DA:20,1
DA:21,2
LF:9
LH:9
end_of_record
SF:./packages/movie/lib\data\models\genre_model.dart
DA:6,4
DA:14,2
DA:15,1
DA:16,1
DA:19,4
DA:20,2
DA:21,2
DA:24,1
DA:25,3
DA:28,1
DA:29,3
LF:11
LH:11
end_of_record
SF:./packages/movie/lib\data\repositories\movie_repository_impl.dart
DA:17,1
DA:23,1
DA:25,3
DA:26,5
DA:27,1
DA:29,1
DA:35,1
DA:37,3
DA:38,2
DA:39,1
DA:41,1
DA:47,1
DA:49,3
DA:50,3
DA:51,1
DA:53,1
DA:59,1
DA:61,3
DA:62,5
DA:63,1
DA:65,1
DA:71,1
DA:73,3
DA:74,5
DA:75,1
DA:77,1
DA:83,1
DA:85,3
DA:86,5
DA:87,1
DA:89,1
DA:95,1
DA:98,4
DA:99,1
DA:100,1
DA:101,3
DA:108,1
DA:111,4
DA:112,1
DA:113,1
DA:114,3
DA:119,1
DA:120,3
DA:125,1
DA:126,3
DA:127,5
LF:46
LH:46
end_of_record
SF:./packages/movie/lib\domain\usecases\get_movie_detail.dart
DA:10,1
DA:12,1
DA:13,2
LF:3
LH:3
end_of_record
SF:./packages/movie/lib\domain\usecases\get_movie_recommendations.dart
DA:10,1
DA:12,1
DA:13,2
LF:3
LH:3
end_of_record
SF:./packages/movie/lib\domain\usecases\get_now_playing_movies.dart
DA:10,1
DA:12,1
DA:13,2
LF:3
LH:3
end_of_record
SF:./packages/movie/lib\domain\usecases\get_popular_movies.dart
DA:10,1
DA:12,1
DA:13,2
LF:3
LH:3
end_of_record
SF:./packages/movie/lib\domain\usecases\get_top_rated_movies.dart
DA:10,1
DA:12,1
DA:13,2
LF:3
LH:3
end_of_record
SF:./packages/movie/lib\domain\usecases\get_watchlist_movies.dart
DA:10,1
DA:12,1
DA:13,2
LF:3
LH:3
end_of_record
SF:./packages/movie/lib\domain\usecases\get_watchlist_status.dart
DA:6,1
DA:8,1
DA:9,2
LF:3
LH:3
end_of_record
SF:./packages/movie/lib\domain\usecases\remove_watchlist.dart
DA:10,1
DA:12,1
DA:13,2
LF:3
LH:3
end_of_record
SF:./packages/movie/lib\domain\usecases\save_watchlist.dart
DA:10,1
DA:12,1
DA:13,2
LF:3
LH:3
end_of_record
SF:./packages/movie/lib\domain\usecases\search_movies.dart
DA:10,1
DA:12,1
DA:13,2
LF:3
LH:3
end_of_record
SF:./packages/movie/lib\presentation\blocs\movie_detail\movie_detail_state.dart
DA:6,3
DA:8,1
DA:9,2
DA:20,2
DA:22,1
DA:23,3
DA:27,3
DA:29,1
DA:30,2
LF:9
LH:9
end_of_record
SF:./packages/movie/lib\presentation\blocs\movie_detail\movie_detail_cubit.dart
DA:15,1
DA:18,2
DA:20,1
DA:21,2
DA:23,3
DA:24,3
DA:26,1
DA:27,4
DA:28,1
DA:29,1
DA:30,0
DA:31,3
LF:12
LH:11
end_of_record
SF:./packages/movie/lib\presentation\blocs\now_playing_movies\now_playing_movies_state.dart
DA:4,4
DA:6,1
DA:7,1
DA:17,2
DA:19,1
DA:20,2
DA:26,3
DA:28,1
DA:29,2
LF:9
LH:9
end_of_record
SF:./packages/movie/lib\presentation\blocs\now_playing_movies\now_playing_movies_cubit.dart
DA:12,1
DA:13,2
DA:15,1
DA:16,2
DA:18,3
DA:19,1
DA:20,4
DA:21,3
LF:8
LH:8
end_of_record
SF:./packages/movie/lib\presentation\blocs\popular_movies\popular_movies_state.dart
DA:6,6
DA:8,1
DA:9,2
DA:19,3
DA:21,1
DA:22,2
DA:26,5
DA:28,1
DA:29,2
LF:9
LH:9
end_of_record
SF:./packages/movie/lib\presentation\blocs\popular_movies\popular_movies_cubit.dart
DA:12,3
DA:14,1
DA:15,2
DA:17,3
DA:18,1
DA:19,4
DA:20,3
LF:7
LH:7
end_of_record
SF:./packages/movie/lib\presentation\blocs\top_rated_movies\top_rated_movies_cubit.dart
DA:12,3
DA:14,1
DA:15,2
DA:17,3
DA:18,1
DA:19,4
DA:20,3
LF:7
LH:7
end_of_record
SF:./packages/movie/lib\presentation\blocs\top_rated_movies\top_rated_movies_state.dart
DA:6,6
DA:8,1
DA:9,2
DA:19,3
DA:21,1
DA:22,2
DA:26,5
DA:28,1
DA:29,2
LF:9
LH:9
end_of_record
SF:./packages/movie/lib\presentation\blocs\watchlist_movies\watchlist_movies_state.dart
DA:6,4
DA:8,1
DA:9,2
DA:19,2
DA:21,1
DA:22,2
DA:26,4
DA:28,1
DA:29,2
LF:9
LH:9
end_of_record
SF:./packages/movie/lib\presentation\blocs\watchlist_movies\watchlist_movies_cubit.dart
DA:12,3
DA:14,1
DA:15,2
DA:17,3
DA:18,1
DA:19,4
DA:20,3
LF:7
LH:7
end_of_record
SF:./packages/movie/lib\presentation\blocs\watchlist_status\watchlist_status_cubit.dart
DA:19,1
DA:23,1
DA:25,1
DA:26,3
DA:27,2
DA:30,1
DA:31,3
DA:32,1
DA:33,4
DA:34,3
DA:41,1
DA:42,3
DA:43,1
DA:44,4
DA:45,3
LF:15
LH:15
end_of_record
SF:./packages/movie/lib\presentation\blocs\watchlist_status\watchlist_status_state.dart
DA:7,9
DA:10,1
DA:11,3
LF:3
LH:3
end_of_record
SF:./packages/movie/lib\presentation\pages\home_movie_page.dart
DA:17,1
DA:19,1
DA:20,1
DA:24,1
DA:26,1
DA:27,2
DA:28,3
DA:29,3
DA:30,3
DA:34,1
DA:36,1
DA:38,1
DA:40,1
DA:41,1
DA:43,1
DA:44,1
DA:46,1
DA:48,1
DA:49,1
DA:50,1
DA:54,1
DA:55,2
DA:62,1
DA:65,0
DA:66,0
DA:68,1
DA:69,1
DA:70,1
DA:74,1
DA:75,2
DA:81,1
DA:84,0
DA:85,0
DA:87,1
DA:88,1
DA:89,1
DA:93,1
DA:94,2
DA:111,2
DA:113,1
DA:115,1
DA:117,1
DA:119,1
DA:120,2
DA:121,1
DA:123,1
DA:124,1
DA:127,2
LF:48
LH:44
end_of_record
SF:./packages/movie/lib\presentation\pages\popular_movies_page.dart
DA:10,1
DA:12,1
DA:13,1
DA:17,1
DA:19,1
DA:20,1
DA:21,4
DA:24,1
DA:26,1
DA:27,1
DA:30,1
DA:32,1
DA:33,1
DA:34,1
DA:38,1
DA:39,1
DA:41,1
DA:42,2
DA:43,1
DA:45,2
DA:48,1
DA:50,2
LF:22
LH:22
end_of_record
SF:./packages/movie/lib\presentation\pages\top_rated_movies_page.dart
DA:10,1
DA:12,1
DA:13,1
DA:17,1
DA:19,1
DA:20,1
DA:21,4
DA:24,1
DA:26,1
DA:27,1
DA:30,1
DA:32,1
DA:33,1
DA:34,1
DA:38,1
DA:39,1
DA:41,1
DA:42,2
DA:43,1
DA:45,2
DA:48,1
DA:50,2
LF:22
LH:22
end_of_record
SF:./packages/movie/lib\presentation\pages\movie_detail_page.dart
DA:18,1
DA:20,1
DA:21,1
DA:25,1
DA:27,1
DA:28,2
DA:29,5
DA:30,5
DA:34,1
DA:36,1
DA:37,1
DA:38,1
DA:39,1
DA:43,1
DA:44,1
DA:45,1
DA:46,1
DA:48,1
DA:52,0
DA:64,1
DA:65,1
DA:67,1
DA:69,3
DA:70,1
DA:71,1
DA:72,1
DA:73,3
DA:75,1
DA:78,0
DA:80,1
DA:82,1
DA:83,1
DA:84,1
DA:94,1
DA:95,1
DA:96,1
DA:98,1
DA:101,1
DA:103,1
DA:104,1
DA:105,2
DA:106,1
DA:108,1
DA:110,1
DA:111,2
DA:113,1
DA:114,3
DA:116,1
DA:117,3
DA:119,1
DA:120,1
DA:121,1
DA:122,3
DA:124,1
DA:130,4
DA:134,1
DA:136,1
DA:138,1
DA:139,2
DA:142,1
DA:144,1
DA:146,1
DA:148,1
DA:150,1
DA:151,2
DA:152,1
DA:154,1
DA:155,0
DA:156,0
DA:159,0
DA:162,1
DA:166,1
DA:168,2
DA:169,1
DA:173,0
DA:180,2
DA:187,1
DA:189,1
DA:204,1
DA:206,1
DA:209,1
DA:212,0
DA:213,0
DA:222,1
DA:223,3
DA:224,1
DA:225,1
DA:226,2
DA:227,2
DA:230,1
DA:232,1
DA:233,1
DA:234,1
DA:241,1
DA:246,1
DA:247,2
DA:249,1
DA:250,1
DA:251,3
DA:253,0
DA:254,0
DA:255,0
DA:257,1
DA:259,1
DA:261,1
DA:262,1
DA:272,1
DA:274,2
DA:275,3
DA:278,1
DA:282,3
DA:285,1
DA:286,1
DA:287,1
DA:289,1
DA:290,1
DA:292,0
LF:117
LH:105
end_of_record
SF:./packages/movie/lib\presentation\widgets\movie_card_list.dart
DA:10,6
DA:12,3
DA:14,3
DA:16,6
DA:17,6
DA:18,6
DA:19,6
LF:7
LH:7
end_of_record
SF:./packages/movie/lib\presentation\pages\watchlist_movies_page.dart
DA:9,1
DA:11,1
DA:12,1
DA:17,1
DA:19,1
DA:20,1
DA:21,4
DA:24,1
DA:26,1
DA:27,4
DA:30,0
DA:32,0
DA:35,1
DA:37,1
DA:39,1
DA:40,1
DA:41,1
DA:45,1
DA:46,1
DA:47,1
DA:48,2
DA:49,1
DA:51,2
DA:54,1
DA:56,2
DA:64,1
DA:66,2
DA:67,1
LF:28
LH:26
end_of_record
SF:./packages/search/lib\blocs\search_cubit.dart
DA:14,1
DA:17,1
DA:19,1
DA:20,4
DA:21,3
DA:22,0
DA:28,1
DA:29,1
DA:31,1
DA:32,4
DA:34,1
DA:35,3
DA:39,1
DA:40,2
DA:41,0
DA:42,2
DA:45,3
DA:46,0
DA:47,1
DA:48,4
DA:49,3
LF:21
LH:18
end_of_record
SF:./packages/search/lib\blocs\search_state.dart
DA:8,6
DA:10,1
DA:11,4
DA:15,5
DA:19,3
DA:25,2
DA:29,2
DA:31,1
DA:32,4
DA:36,3
LF:10
LH:10
end_of_record
SF:./packages/search/lib\search_page.dart
DA:12,1
DA:14,1
DA:16,1
DA:17,1
DA:20,1
DA:22,1
DA:24,1
DA:25,1
DA:27,0
DA:28,0
DA:38,1
DA:39,2
DA:40,1
DA:41,1
DA:44,1
DA:45,0
DA:46,0
DA:49,2
DA:50,1
DA:53,1
DA:54,0
DA:55,0
DA:58,2
DA:63,1
DA:65,1
DA:67,1
DA:68,1
DA:69,1
DA:73,1
DA:74,1
DA:75,1
DA:76,1
DA:78,1
DA:79,1
DA:80,1
DA:81,1
DA:82,0
DA:84,1
DA:88,0
DA:89,0
LF:40
LH:31
end_of_record
SF:./packages/tv/lib\data\datasources\db\tv_database_helper.dart
DA:9,2
DA:13,4
DA:17,2
DA:18,4
DA:24,2
DA:25,4
DA:26,2
DA:28,6
DA:32,2
DA:33,4
DA:40,2
DA:43,2
DA:44,4
DA:45,6
DA:48,2
DA:49,4
DA:50,4
DA:53,4
DA:57,2
DA:58,4
DA:59,4
DA:62,2
DA:65,2
DA:66,2
DA:72,2
DA:73,4
DA:74,4
LF:27
LH:27
end_of_record
SF:./packages/tv/lib\data\models\episode_model.dart
DA:6,35
DA:20,2
DA:21,1
DA:22,1
DA:23,1
DA:24,1
DA:25,1
DA:28,4
DA:29,2
DA:30,2
DA:31,2
DA:32,2
DA:33,2
DA:36,2
DA:37,1
DA:38,1
DA:39,1
DA:40,1
DA:41,1
DA:44,1
DA:45,1
DA:46,1
DA:47,1
DA:48,1
DA:49,1
DA:50,1
LF:26
LH:26
end_of_record
SF:./packages/tv/lib\data\models\genre_model.dart
DA:6,36
DA:14,2
DA:15,1
DA:16,1
DA:19,4
DA:20,2
DA:21,2
DA:24,1
DA:25,3
DA:28,1
DA:29,3
LF:11
LH:11
end_of_record
SF:./packages/tv/lib\data\models\season_model.dart
DA:6,35
DA:18,2
DA:19,1
DA:20,1
DA:21,1
DA:22,1
DA:25,4
DA:26,2
DA:27,2
DA:28,2
DA:29,2
DA:32,1
DA:33,1
DA:34,1
DA:35,1
DA:36,1
DA:37,1
DA:41,1
DA:42,1
DA:43,1
DA:44,1
DA:45,1
DA:46,1
LF:23
LH:23
end_of_record
SF:./packages/tv/lib\data\models\tv_detail_model.dart
DA:8,35
DA:28,1
DA:29,1
DA:30,4
DA:31,1
DA:32,4
DA:33,1
DA:34,1
DA:35,1
DA:36,1
DA:37,2
DA:38,3
DA:39,3
DA:40,2
DA:43,2
DA:44,4
DA:45,5
DA:46,1
DA:47,1
DA:48,1
DA:49,1
DA:50,5
DA:51,1
DA:54,1
DA:55,1
DA:56,1
DA:57,5
DA:58,1
DA:59,1
DA:60,1
DA:61,1
DA:62,5
DA:63,1
DA:67,1
DA:68,1
DA:69,1
DA:70,1
DA:71,1
DA:72,1
DA:73,1
DA:74,1
DA:75,1
DA:76,1
LF:43
LH:43
end_of_record
SF:./packages/tv/lib\data\models\tv_model.dart
DA:7,37
DA:19,4
DA:20,2
DA:21,2
DA:22,2
DA:23,2
DA:26,8
DA:27,4
DA:28,4
DA:29,4
DA:30,4
DA:33,2
DA:34,1
DA:35,1
DA:36,1
DA:37,1
DA:40,1
DA:41,1
DA:42,1
DA:43,1
DA:44,1
DA:45,1
DA:49,3
DA:50,3
DA:51,3
DA:52,3
DA:53,3
DA:54,3
LF:28
LH:28
end_of_record
SF:./packages/tv/lib\domain\entities\episode.dart
DA:4,35
DA:18,2
DA:19,2
DA:20,2
DA:21,2
DA:22,2
DA:23,2
DA:24,2
LF:8
LH:8
end_of_record
SF:./packages/tv/lib\domain\entities\genre.dart
DA:4,35
DA:12,2
DA:13,6
LF:3
LH:3
end_of_record
SF:./packages/tv/lib\domain\entities\season.dart
DA:4,35
DA:16,2
DA:17,2
DA:18,2
DA:19,2
DA:20,2
DA:21,2
LF:7
LH:7
end_of_record
SF:./packages/tv/lib\domain\entities\tv.dart
DA:9,35
DA:16,6
DA:17,30
LF:3
LH:3
end_of_record
SF:./packages/tv/lib\domain\entities\tv_detail.dart
DA:7,35
DA:27,2
DA:28,2
DA:29,2
DA:30,2
DA:31,2
DA:32,2
DA:33,2
DA:34,2
DA:35,2
DA:36,2
LF:11
LH:11
end_of_record
SF:./packages/tv/lib\data\datasources\tv_local_data_source.dart
DA:16,1
DA:19,1
DA:21,3
DA:24,2
DA:29,1
DA:31,3
DA:34,2
DA:39,1
DA:40,3
DA:42,1
DA:49,1
DA:50,3
DA:51,4
LF:13
LH:13
end_of_record
SF:./packages/tv/lib\data\datasources\tv_remote_data_source.dart
DA:28,1
DA:31,1
DA:33,5
DA:35,2
DA:36,4
DA:38,1
DA:43,1
DA:44,5
DA:46,2
DA:47,4
DA:49,1
DA:54,1
DA:56,5
DA:58,2
DA:59,4
DA:61,1
DA:66,1
DA:67,5
DA:69,2
DA:70,3
DA:72,1
DA:77,1
DA:79,5
DA:81,2
DA:82,4
DA:84,1
DA:89,1
DA:91,5
DA:93,2
DA:94,4
DA:96,1
DA:101,1
DA:103,5
DA:105,2
DA:106,4
DA:108,1
LF:36
LH:36
end_of_record
SF:./packages/tv/lib\data\models\season_response.dart
DA:7,2
DA:9,2
DA:10,1
DA:11,4
DA:14,2
DA:15,5
DA:18,0
DA:19,0
LF:8
LH:6
end_of_record
SF:./packages/tv/lib\data\models\tv_response.dart
DA:5,2
DA:9,2
DA:10,1
DA:11,5
DA:12,1
DA:13,3
DA:17,2
DA:18,5
DA:21,0
DA:22,0
LF:10
LH:8
end_of_record
SF:./packages/tv/lib\domain\usecases\get_airing_today_tv.dart
DA:10,1
DA:12,1
DA:13,2
LF:3
LH:3
end_of_record
SF:./packages/tv/lib\data\repositories\tv_repository_impl.dart
DA:18,1
DA:24,1
DA:26,3
DA:27,5
DA:28,1
DA:30,1
DA:36,1
DA:38,3
DA:39,5
DA:40,1
DA:42,1
DA:48,1
DA:50,3
DA:51,5
DA:52,1
DA:54,1
DA:60,1
DA:62,3
DA:63,2
DA:64,1
DA:66,1
DA:72,1
DA:74,3
DA:75,5
DA:76,1
DA:78,1
DA:84,1
DA:86,3
DA:87,5
DA:88,1
DA:90,1
DA:96,1
DA:97,3
DA:98,5
DA:102,1
DA:103,3
DA:108,1
DA:111,4
DA:112,1
DA:113,1
DA:114,3
DA:119,1
DA:122,4
DA:123,1
DA:124,1
DA:125,3
DA:132,1
DA:134,3
DA:135,5
DA:136,1
DA:138,1
LF:51
LH:51
end_of_record
SF:./packages/tv/lib\domain\usecases\get_episodes.dart
DA:9,1
DA:11,1
DA:12,2
LF:3
LH:3
end_of_record
SF:./packages/tv/lib\domain\usecases\get_popular_tv.dart
DA:10,1
DA:12,1
DA:13,2
LF:3
LH:3
end_of_record
SF:./packages/tv/lib\domain\usecases\get_top_rated_tv_series.dart
DA:10,1
DA:12,1
DA:13,2
LF:3
LH:3
end_of_record
SF:./packages/tv/lib\domain\usecases\get_tv_detail.dart
DA:10,1
DA:12,1
DA:13,2
LF:3
LH:3
end_of_record
SF:./packages/tv/lib\domain\usecases\get_tv_recommendations.dart
DA:10,1
DA:12,1
DA:13,2
LF:3
LH:3
end_of_record
SF:./packages/tv/lib\domain\usecases\get_tv_watchlist_status.dart
DA:6,1
DA:8,1
DA:9,2
LF:3
LH:3
end_of_record
SF:./packages/tv/lib\domain\usecases\get_watchlist_tv.dart
DA:10,1
DA:12,1
DA:13,2
LF:3
LH:3
end_of_record
SF:./packages/tv/lib\domain\usecases\remove_tv_watchlist.dart
DA:10,1
DA:12,1
DA:13,2
LF:3
LH:3
end_of_record
SF:./packages/tv/lib\domain\usecases\save_tv_watchlist.dart
DA:10,1
DA:12,1
DA:13,2
LF:3
LH:3
end_of_record
SF:./packages/tv/lib\domain\usecases\search_tv.dart
DA:10,1
DA:12,1
DA:13,2
LF:3
LH:3
end_of_record
SF:./packages/tv/lib\presentation\blocs\airing_today_tv\airing_today_tv_state.dart
DA:6,6
DA:8,1
DA:9,2
DA:19,4
DA:21,1
DA:22,2
DA:26,5
DA:28,1
DA:29,2
LF:9
LH:9
end_of_record
SF:./packages/tv/lib\presentation\blocs\airing_today_tv\airing_today_tv_cubit.dart
DA:12,3
DA:14,1
DA:15,2
DA:17,3
DA:18,1
DA:19,4
DA:20,3
LF:7
LH:7
end_of_record
SF:./packages/tv/lib\presentation\blocs\popular_tv\popular_tv_state.dart
DA:6,6
DA:8,1
DA:9,2
DA:19,4
DA:21,1
DA:22,2
DA:26,5
DA:28,1
DA:29,2
LF:9
LH:9
end_of_record
SF:./packages/tv/lib\presentation\blocs\popular_tv\popular_tv_cubit.dart
DA:12,3
DA:14,1
DA:15,2
DA:17,3
DA:18,1
DA:19,4
DA:20,3
LF:7
LH:7
end_of_record
SF:./packages/tv/lib\presentation\blocs\season_episodes\season_episodes_state.dart
DA:6,4
DA:8,1
DA:9,2
DA:19,3
DA:21,1
DA:22,2
DA:26,4
LF:7
LH:7
end_of_record
SF:./packages/tv/lib\presentation\blocs\season_episodes\season_episodes_cubit.dart
DA:12,3
DA:14,1
DA:15,2
DA:17,3
DA:18,1
DA:19,4
DA:20,3
LF:7
LH:7
end_of_record
SF:./packages/tv/lib\presentation\blocs\top_rated_tv\top_rated_tv_state.dart
DA:6,6
DA:8,1
DA:9,2
DA:19,4
DA:21,1
DA:22,2
DA:26,5
DA:28,1
DA:29,2
LF:9
LH:9
end_of_record
SF:./packages/tv/lib\presentation\blocs\top_rated_tv\top_rated_tv_cubit.dart
DA:12,3
DA:14,1
DA:15,2
DA:17,3
DA:18,1
DA:19,4
DA:20,3
LF:7
LH:7
end_of_record
SF:./packages/tv/lib\presentation\blocs\tv_detail\tv_detail_state.dart
DA:6,4
DA:8,1
DA:9,2
DA:20,3
DA:22,1
DA:23,3
DA:27,4
DA:29,1
DA:30,2
LF:9
LH:9
end_of_record
SF:./packages/tv/lib\presentation\blocs\tv_detail\tv_detail_cubit.dart
DA:15,1
DA:18,2
DA:20,1
DA:21,2
DA:23,3
DA:24,3
DA:25,1
DA:26,4
DA:27,1
DA:28,1
DA:29,0
DA:30,3
LF:12
LH:11
end_of_record
SF:./packages/tv/lib\presentation\blocs\tv_watchlist_status\tv_watchlist_status_cubit.dart
DA:19,1
DA:23,1
DA:25,1
DA:26,3
DA:27,2
DA:30,1
DA:31,3
DA:32,1
DA:33,4
DA:34,3
DA:41,1
DA:42,3
DA:43,1
DA:44,4
DA:45,3
LF:15
LH:15
end_of_record
SF:./packages/tv/lib\presentation\blocs\tv_watchlist_status\tv_watchlist_status_state.dart
DA:7,11
DA:12,1
DA:13,3
LF:3
LH:3
end_of_record
SF:./packages/tv/lib\presentation\blocs\watchlist_tv\watchlist_tv_state.dart
DA:6,4
DA:8,1
DA:9,2
DA:19,3
DA:21,1
DA:22,2
DA:26,4
LF:7
LH:7
end_of_record
SF:./packages/tv/lib\presentation\blocs\watchlist_tv\watchlist_tv_cubit.dart
DA:12,3
DA:14,1
DA:15,2
DA:17,3
DA:18,1
DA:19,4
DA:20,3
LF:7
LH:7
end_of_record
SF:./packages/tv/lib\presentation\pages\airing_today_tv_page.dart
DA:10,1
DA:12,1
DA:13,1
DA:17,1
DA:19,1
DA:20,1
DA:21,4
DA:24,1
DA:26,1
DA:27,1
DA:30,1
DA:32,1
DA:33,1
DA:34,1
DA:38,1
DA:39,1
DA:41,1
DA:42,2
DA:43,1
DA:45,2
DA:48,1
DA:50,2
LF:22
LH:22
end_of_record
SF:./packages/tv/lib\presentation\widgets\tv_series_card_list.dart
DA:10,4
DA:12,4
DA:14,4
DA:16,8
DA:17,8
DA:18,8
DA:19,8
LF:7
LH:7
end_of_record
SF:./packages/tv/lib\presentation\pages\season_episodes_page.dart
DA:13,1
DA:14,0
DA:16,1
DA:17,1
DA:21,1
DA:23,1
DA:24,1
DA:25,2
DA:26,1
DA:27,5
DA:31,1
DA:33,1
DA:34,1
DA:37,1
DA:39,1
DA:40,1
DA:41,1
DA:45,1
DA:46,1
DA:47,1
DA:48,2
DA:49,1
DA:51,2
DA:54,1
DA:56,2
LF:25
LH:24
end_of_record
SF:./packages/tv/lib\presentation\widgets\episode_card_list.dart
DA:10,2
DA:12,1
DA:14,1
DA:15,1
DA:17,1
DA:19,1
DA:20,3
DA:22,1
DA:25,0
DA:35,1
DA:36,2
DA:39,1
DA:41,1
DA:43,1
DA:45,1
DA:46,5
LF:16
LH:15
end_of_record
SF:./packages/tv/lib\presentation\pages\tv_detail_page.dart
DA:19,1
DA:21,1
DA:22,1
DA:26,1
DA:28,1
DA:29,2
DA:30,5
DA:31,5
DA:35,1
DA:37,1
DA:38,1
DA:39,1
DA:40,1
DA:44,1
DA:45,1
DA:46,1
DA:47,1
DA:49,1
DA:53,2
DA:65,1
DA:66,1
DA:68,1
DA:70,3
DA:71,1
DA:72,1
DA:73,1
DA:74,3
DA:76,1
DA:79,0
DA:81,1
DA:83,1
DA:84,1
DA:85,1
DA:95,1
DA:96,1
DA:97,1
DA:99,1
DA:102,1
DA:104,1
DA:105,1
DA:106,2
DA:107,1
DA:109,1
DA:111,1
DA:112,2
DA:114,1
DA:115,3
DA:117,1
DA:118,3
DA:120,1
DA:121,1
DA:122,1
DA:123,3
DA:125,1
DA:131,4
DA:135,1
DA:137,1
DA:139,1
DA:140,2
DA:143,3
DA:144,1
DA:146,1
DA:148,0
DA:149,3
DA:150,1
DA:152,1
DA:154,1
DA:155,3
DA:156,1
DA:158,1
DA:159,0
DA:160,0
DA:163,0
DA:164,0
DA:165,0
DA:169,1
DA:170,1
DA:171,1
DA:176,1
DA:178,2
DA:180,1
DA:185,0
DA:190,1
DA:204,1
DA:205,2
DA:206,1
DA:214,3
DA:217,0
DA:219,1
DA:221,1
DA:223,1
DA:225,1
DA:227,1
DA:228,2
DA:229,1
DA:231,1
DA:232,0
DA:233,0
DA:236,0
DA:239,1
DA:243,1
DA:245,2
DA:246,1
DA:250,0
DA:257,2
DA:264,1
DA:266,1
DA:281,1
DA:283,1
DA:286,1
DA:289,0
DA:290,0
DA:299,1
DA:300,3
DA:301,1
DA:302,1
DA:303,1
DA:304,3
DA:306,1
DA:308,1
DA:309,1
DA:310,1
DA:317,1
DA:322,1
DA:323,1
DA:324,1
DA:326,1
DA:327,1
DA:328,3
DA:330,0
DA:331,0
DA:332,0
DA:334,1
DA:336,1
DA:338,1
DA:339,1
DA:350,1
DA:352,2
DA:353,3
DA:356,1
DA:360,3
DA:363,1
DA:364,2
DA:366,1
DA:367,1
DA:369,1
DA:370,0
DA:372,1
LF:148
LH:129
end_of_record
SF:./packages/tv/lib\presentation\pages\popular_tv_page.dart
DA:10,1
DA:12,1
DA:13,1
DA:17,1
DA:19,1
DA:20,5
DA:23,1
DA:25,1
DA:26,1
DA:29,1
DA:31,1
DA:32,1
DA:33,1
DA:37,1
DA:38,1
DA:40,1
DA:41,2
DA:42,1
DA:44,2
DA:47,1
DA:49,2
LF:21
LH:21
end_of_record
SF:./packages/tv/lib\presentation\pages\top_rated_tv_page.dart
DA:10,1
DA:12,1
DA:13,1
DA:17,1
DA:19,1
DA:20,5
DA:23,1
DA:25,1
DA:26,1
DA:29,1
DA:31,1
DA:32,1
DA:33,1
DA:37,1
DA:38,1
DA:40,1
DA:41,2
DA:42,1
DA:44,2
DA:47,1
DA:49,2
LF:21
LH:21
end_of_record
SF:./packages/tv/lib\presentation\pages\watchlist_tv_page.dart
DA:9,1
DA:11,1
DA:12,1
DA:16,1
DA:18,1
DA:19,5
DA:22,1
DA:24,1
DA:25,4
DA:28,0
DA:30,0
DA:33,1
DA:35,1
DA:37,1
DA:38,1
DA:39,1
DA:43,1
DA:44,1
DA:45,1
DA:46,2
DA:47,1
DA:49,2
DA:52,1
DA:54,2
DA:62,1
DA:64,2
DA:65,1
LF:27
LH:25
end_of_record
SF:./packages/tv/lib\presentation\pages\tv_series_page.dart
DA:17,1
DA:19,1
DA:20,1
DA:24,1
DA:26,1
DA:27,2
DA:28,3
DA:29,3
DA:30,3
DA:34,1
DA:36,1
DA:38,1
DA:40,1
DA:41,1
DA:42,1
DA:43,1
DA:46,0
DA:47,0
DA:50,1
DA:51,1
DA:52,1
DA:56,1
DA:57,2
DA:64,1
DA:67,0
DA:68,0
DA:71,1
DA:72,1
DA:73,1
DA:77,1
DA:78,2
DA:84,1
DA:87,0
DA:88,0
DA:91,1
DA:92,1
DA:93,1
DA:97,1
DA:98,2
DA:115,2
DA:117,1
DA:119,1
DA:121,1
DA:123,1
DA:124,2
DA:125,1
DA:127,1
DA:128,1
DA:131,2
LF:49
LH:43
end_of_record
